Has loaded sql driver:
QSQLITE
QODBC3
QODBC
Prefix path: D:\Qt\4.7.3
Plugins path: D:\Qt\4.7.3\plugins
Has loaded sql driver:
QSQLITE
QODBC3
QODBC
Prefix path: D:\Qt\4.7.3
Plugins path: D:\Qt\4.7.3\plugins
Has loaded sql driver:
QSQLITE
QODBC3
QODBC
Prefix path: D:\Qt\4.7.3
Plugins path: D:\Qt\4.7.3\plugins
Has loaded sql driver:
QSQLITE
QODBC3
QODBC
Prefix path: D:\Qt\4.7.3
Plugins path: D:\Qt\4.7.3\plugins
Has loaded sql driver:
QSQLITE
QODBC3
QODBC
Prefix path: D:\Qt\4.7.3
Plugins path: D:\Qt\4.7.3\plugins
Has loaded sql driver:
QSQLITE
QODBC3
QODBC
Prefix path: d:\Qt\4.8.0
Plugins path: d:\Qt\4.8.0\plugins
Has loaded sql driver:
QSQLITE
QODBC3
QODBC
Prefix path: d:\Qt\4.8.0
Plugins path: d:\Qt\4.8.0\plugins
Has loaded sql driver:
QSQLITE
QODBC3
QODBC
Prefix path: d:\Qt\4.8.0
Plugins path: d:\Qt\4.8.0\plugins
Has loaded sql driver:
QSQLITE
QODBC3
QODBC
Prefix path: d:\Qt\4.8.0
Plugins path: d:\Qt\4.8.0\plugins
Has loaded sql driver:
QSQLITE
QODBC3
QODBC
Prefix path: d:\Qt\4.8.0
Plugins path: d:\Qt\4.8.0\plugins
Has loaded sql driver:
QSQLITE
QODBC3
QODBC
Prefix path: d:\Qt\4.8.0
Plugins path: d:\Qt\4.8.0\plugins
Has loaded sql driver:
QSQLITE
QODBC3
QODBC
Prefix path: d:\Qt\4.8.0
Plugins path: d:\Qt\4.8.0\plugins
Has loaded sql driver:
QSQLITE
QODBC3
QODBC
Prefix path: d:\Qt\4.8.0
Plugins path: d:\Qt\4.8.0\plugins
Has loaded sql driver:
QSQLITE
Prefix path: D:/PzAssistant_Source/WindowsEdition/0.98/AccTest1-build-desktop/release
Plugins path: D:/PzAssistant_Source/WindowsEdition/0.98/AccTest1-build-desktop/release/plugins
Has loaded sql driver:
QSQLITE
Prefix path: D:/PzAssistant_Source/WindowsEdition/0.98/AccTest1-build-desktop
Plugins path: D:/PzAssistant_Source/WindowsEdition/0.98/AccTest1-build-desktop/plugins
Has loaded sql driver:
QSQLITE
Prefix path: D:/PzAssistant_Source/WindowsEdition/0.98/AccTest1-build-desktop/release
Plugins path: D:/PzAssistant_Source/WindowsEdition/0.98/AccTest1-build-desktop/release/plugins
Has loaded sql driver:
QSQLITE
Prefix path: D:/PzAssistant_Source/WindowsEdition/0.98/AccTest1-build-desktop/release
Plugins path: D:/PzAssistant_Source/WindowsEdition/0.98/AccTest1-build-desktop/release/plugins
Has loaded sql driver:
QSQLITE
Prefix path: D:/PzAssistant_Source/WindowsEdition/0.98/AccTest1-build-desktop/release
Plugins path: D:/PzAssistant_Source/WindowsEdition/0.98/AccTest1-build-desktop/release/plugins
Has loaded sql driver:
QSQLITE
Prefix path: D:/PzAssistant_Source/WindowsEdition/0.98/AccTest1-build-desktop/release
Plugins path: D:/PzAssistant_Source/WindowsEdition/0.98/AccTest1-build-desktop/release/plugins
Has loaded sql driver:
QSQLITE
Prefix path: D:/PzAssistant_Source/WindowsEdition/0.98/AccTest1-build-desktop/release
Plugins path: D:/PzAssistant_Source/WindowsEdition/0.98/AccTest1-build-desktop/release/plugins
Don't load Sql driver!
Don't load Sql driver!
Don't load Sql driver!
Don't load Sql driver!
Has loaded sql driver:
QSQLITE
Prefix path: D:/PzAssistant_Source/WindowsEdition/0.98/AccTest1-build-desktop/debug
Plugins path: D:/PzAssistant_Source/WindowsEdition/0.98/AccTest1-build-desktop/debug/plugins
Has loaded sql driver:
QSQLITE
Prefix path: D:/PzAssistant_Source/WindowsEdition/0.98/AccTest1-build-desktop/debug
Plugins path: D:/PzAssistant_Source/WindowsEdition/0.98/AccTest1-build-desktop/debug/plugins
Has loaded sql driver:
QSQLITE
Prefix path: D:/PzAssistant_Source/WindowsEdition/0.98/AccTest1-build-desktop/debug
Plugins path: D:/PzAssistant_Source/WindowsEdition/0.98/AccTest1-build-desktop/debug/plugins
Has loaded sql driver:
QSQLITE
Prefix path: D:/PzAssistant_Source/WindowsEdition/0.98/AccTest1-build-desktop/debug
Plugins path: D:/PzAssistant_Source/WindowsEdition/0.98/AccTest1-build-desktop/debug/plugins
Has loaded sql driver:
QSQLITE
Prefix path: D:/PzAssistant_Source/WindowsEdition/0.98/AccTest1-build-desktop/debug
Plugins path: D:/PzAssistant_Source/WindowsEdition/0.98/AccTest1-build-desktop/debug/plugins
Has loaded sql driver:
QSQLITE
Prefix path: D:/PzAssistant_Source/WindowsEdition/0.98/AccTest1-build-desktop/release
Plugins path: D:/PzAssistant_Source/WindowsEdition/0.98/AccTest1-build-desktop/release/plugins
Has loaded sql driver:
QSQLITE
Prefix path: D:/PzAssistant_Source/WindowsEdition/0.98/AccTest1-build-desktop/release
Plugins path: D:/PzAssistant_Source/WindowsEdition/0.98/AccTest1-build-desktop/release/plugins
Has loaded sql driver:
QSQLITE
Prefix path: D:/PzAssistant_Source/WindowsEdition/0.98/AccTest1-build-desktop/release
Plugins path: D:/PzAssistant_Source/WindowsEdition/0.98/AccTest1-build-desktop/release/plugins
Has loaded sql driver:
QSQLITE
Prefix path: D:/PzAssistant_Source/WindowsEdition/0.98/AccTest1-build-desktop/release
Plugins path: D:/PzAssistant_Source/WindowsEdition/0.98/AccTest1-build-desktop/release/plugins
Has loaded sql driver:
QSQLITE
Prefix path: D:/PzAssistant_Source/WindowsEdition/0.98/AccTest1-build-desktop
Plugins path: D:/PzAssistant_Source/WindowsEdition/0.98/AccTest1-build-desktop/plugins
Has loaded sql driver:
QSQLITE
Prefix path: D:/PzAssistant_Source/WindowsEdition/0.98/AccTest1-build-desktop
Plugins path: D:/PzAssistant_Source/WindowsEdition/0.98/AccTest1-build-desktop/plugins
Has loaded sql driver:
QSQLITE
Prefix path: D:/PzAssistant_Source/WindowsEdition/0.98/AccTest1-build-desktop
Plugins path: D:/PzAssistant_Source/WindowsEdition/0.98/AccTest1-build-desktop/plugins
Has loaded sql driver:
QSQLITE
Prefix path: D:/PzAssistant_Source/WindowsEdition/0.98/AccTest1-build-desktop/release
Plugins path: D:/PzAssistant_Source/WindowsEdition/0.98/AccTest1-build-desktop/release/plugins
Has loaded sql driver:
QSQLITE
Prefix path: D:/PzAssistant_Source/WindowsEdition/0.98/AccTest1-build-desktop/release
Plugins path: D:/PzAssistant_Source/WindowsEdition/0.98/AccTest1-build-desktop/release/plugins
Has loaded sql driver:
QSQLITE
Prefix path: D:/PzAssistant_Source/WindowsEdition/0.98/AccTest1-build-desktop/release
Plugins path: D:/PzAssistant_Source/WindowsEdition/0.98/AccTest1-build-desktop/release/plugins
Has loaded sql driver:
QSQLITE
Prefix path: D:/PzAssistant_Source/WindowsEdition/0.98/AccTest1-build-desktop/release
Plugins path: D:/PzAssistant_Source/WindowsEdition/0.98/AccTest1-build-desktop/release/plugins
Has loaded sql driver:
QSQLITE
Prefix path: D:/PzAssistant_Source/WindowsEdition/0.98/AccTest1-build-desktop/release
Plugins path: D:/PzAssistant_Source/WindowsEdition/0.98/AccTest1-build-desktop/release/plugins
Has loaded sql driver:
QSQLITE
Prefix path: D:/PzAssistant_Source/WindowsEdition/0.98/AccTest1-build-desktop/release
Plugins path: D:/PzAssistant_Source/WindowsEdition/0.98/AccTest1-build-desktop/release/plugins
Has loaded sql driver:
QSQLITE
Prefix path: D:/PzAssistant_Source/WindowsEdition/0.98/AccTest1-build-desktop/debug
Plugins path: D:/PzAssistant_Source/WindowsEdition/0.98/AccTest1-build-desktop/debug/plugins
Has loaded sql driver:
QSQLITE
Prefix path: D:/PzAssistant_Source/WindowsEdition/0.98/AccTest1-build-desktop/debug
Plugins path: D:/PzAssistant_Source/WindowsEdition/0.98/AccTest1-build-desktop/debug/plugins
Has loaded sql driver:
QSQLITE
Prefix path: D:/PzAssistant_Source/WindowsEdition/0.98/AccTest1-build-desktop/debug
Plugins path: D:/PzAssistant_Source/WindowsEdition/0.98/AccTest1-build-desktop/debug/plugins
Has loaded sql driver:
QSQLITE
Prefix path: D:/PzAssistant_Source/WindowsEdition/0.98/AccTest1-build-desktop/debug
Plugins path: D:/PzAssistant_Source/WindowsEdition/0.98/AccTest1-build-desktop/debug/plugins
Has loaded sql driver:
QSQLITE
Prefix path: D:/PzAssistant_Source/WindowsEdition/0.98/AccTest1-build-desktop/debug
Plugins path: D:/PzAssistant_Source/WindowsEdition/0.98/AccTest1-build-desktop/debug/plugins
Has loaded sql driver:
QSQLITE
Prefix path: D:/PzAssistant_Source/WindowsEdition/0.98/AccTest1-build-desktop/debug
Plugins path: D:/PzAssistant_Source/WindowsEdition/0.98/AccTest1-build-desktop/debug/plugins
Has loaded sql driver:
QSQLITE
Prefix path: D:/PzAssistant_Source/WindowsEdition/0.98/AccTest1-build-desktop/debug
Plugins path: D:/PzAssistant_Source/WindowsEdition/0.98/AccTest1-build-desktop/debug/plugins
Has loaded sql driver:
QSQLITE
Prefix path: D:/PzAssistant_Source/WindowsEdition/0.98/AccTest1-build-desktop/release
Plugins path: D:/PzAssistant_Source/WindowsEdition/0.98/AccTest1-build-desktop/release/plugins
Has loaded sql driver:
QSQLITE
Prefix path: D:/PzAssistant_Source/WindowsEdition/0.98/AccTest1-build-desktop/release
Plugins path: D:/PzAssistant_Source/WindowsEdition/0.98/AccTest1-build-desktop/release/plugins
Has loaded sql driver:
QSQLITE
Prefix path: D:/PzAssistant_Source/WindowsEdition/0.98/AccTest1-build-desktop/release
Plugins path: D:/PzAssistant_Source/WindowsEdition/0.98/AccTest1-build-desktop/release/plugins
Has loaded sql driver:
QSQLITE
Prefix path: D:/PzAssistant_Source/WindowsEdition/0.98/AccTest1-build-desktop/debug
Plugins path: D:/PzAssistant_Source/WindowsEdition/0.98/AccTest1-build-desktop/debug/plugins
Has loaded sql driver:
QSQLITE
Prefix path: D:/PzAssistant_Source/WindowsEdition/0.98/AccTest1-build-desktop/debug
Plugins path: D:/PzAssistant_Source/WindowsEdition/0.98/AccTest1-build-desktop/debug/plugins
Has loaded sql driver:
QSQLITE
Prefix path: D:/PzAssistant_Source/WindowsEdition/0.98/AccTest1-build-desktop/debug
Plugins path: D:/PzAssistant_Source/WindowsEdition/0.98/AccTest1-build-desktop/debug/plugins
Has loaded sql driver:
QSQLITE
Prefix path: D:/PzAssistant_Source/WindowsEdition/0.98/AccTest1-build-desktop/release
Plugins path: D:/PzAssistant_Source/WindowsEdition/0.98/AccTest1-build-desktop/release/plugins
Has loaded sql driver:
QSQLITE
Prefix path: D:/PzAssistant_Source/WindowsEdition/0.98/AccTest1-build-desktop/release
Plugins path: D:/PzAssistant_Source/WindowsEdition/0.98/AccTest1-build-desktop/release/plugins
Has loaded sql driver:
QSQLITE
Prefix path: D:/PzAssistant_Source/WindowsEdition/0.98/AccTest1-build-desktop/release
Plugins path: D:/PzAssistant_Source/WindowsEdition/0.98/AccTest1-build-desktop/release/plugins
Has loaded sql driver:
QSQLITE
Prefix path: D:/PzAssistant_Source/WindowsEdition/0.98/AccTest1-build-desktop/release
Plugins path: D:/PzAssistant_Source/WindowsEdition/0.98/AccTest1-build-desktop/release/plugins
Has loaded sql driver:
QSQLITE
Prefix path: D:/PzAssistant_Source/WindowsEdition/0.98/AccTest1-build-desktop/release
Plugins path: D:/PzAssistant_Source/WindowsEdition/0.98/AccTest1-build-desktop/release/plugins
Has loaded sql driver:
QSQLITE
Prefix path: D:/PzAssistant_Source/WindowsEdition/0.98/AccTest1-build-desktop/release
Plugins path: D:/PzAssistant_Source/WindowsEdition/0.98/AccTest1-build-desktop/release/plugins
Has loaded sql driver:
QSQLITE
Prefix path: D:/PzAssistant_Source/WindowsEdition/0.98/AccTest1-build-desktop/debug
Plugins path: D:/PzAssistant_Source/WindowsEdition/0.98/AccTest1-build-desktop/debug/plugins
Has loaded sql driver:
QSQLITE
Prefix path: D:/PzAssistant_Source/WindowsEdition/0.98/AccTest1-build-desktop/debug
Plugins path: D:/PzAssistant_Source/WindowsEdition/0.98/AccTest1-build-desktop/debug/plugins
Has loaded sql driver:
QSQLITE
Prefix path: D:/PzAssistant_Source/WindowsEdition/0.98/AccTest1-build-desktop/debug
Plugins path: D:/PzAssistant_Source/WindowsEdition/0.98/AccTest1-build-desktop/debug/plugins
Has loaded sql driver:
QSQLITE
Prefix path: D:/PzAssistant_Source/WindowsEdition/0.98/AccTest1-build-desktop/debug
Plugins path: D:/PzAssistant_Source/WindowsEdition/0.98/AccTest1-build-desktop/debug/plugins
Has loaded sql driver:
QSQLITE
Prefix path: D:/PzAssistant_Source/WindowsEdition/0.98/AccTest1-build-desktop/debug
Plugins path: D:/PzAssistant_Source/WindowsEdition/0.98/AccTest1-build-desktop/debug/plugins
Has loaded sql driver:
QSQLITE
Prefix path: D:/PzAssistant_Source/WindowsEdition/0.98/AccTest1-build-desktop/debug
Plugins path: D:/PzAssistant_Source/WindowsEdition/0.98/AccTest1-build-desktop/debug/plugins
Has loaded sql driver:
QSQLITE
Prefix path: D:/PzAssistant_Source/WindowsEdition/0.98/AccTest1-build-desktop/debug
Plugins path: D:/PzAssistant_Source/WindowsEdition/0.98/AccTest1-build-desktop/debug/plugins
Has loaded sql driver:
QSQLITE
Prefix path: D:/PzAssistant_Source/WindowsEdition/0.98/AccTest1-build-desktop/debug
Plugins path: D:/PzAssistant_Source/WindowsEdition/0.98/AccTest1-build-desktop/debug/plugins
Has loaded sql driver:
QSQLITE
Prefix path: D:/PzAssistant_Source/WindowsEdition/0.98/AccTest1-build-desktop/debug
Plugins path: D:/PzAssistant_Source/WindowsEdition/0.98/AccTest1-build-desktop/debug/plugins
Has loaded sql driver:
QSQLITE
Prefix path: D:/PzAssistant_Source/WindowsEdition/0.98/AccTest1-build-desktop/debug
Plugins path: D:/PzAssistant_Source/WindowsEdition/0.98/AccTest1-build-desktop/debug/plugins
Has loaded sql driver:
QSQLITE
Prefix path: D:/PzAssistant_Source/WindowsEdition/0.98/AccTest1-build-desktop/debug
Plugins path: D:/PzAssistant_Source/WindowsEdition/0.98/AccTest1-build-desktop/debug/plugins
Has loaded sql driver:
QSQLITE
Prefix path: D:/PzAssistant_Source/WindowsEdition/0.98/AccTest1-build-desktop/debug
Plugins path: D:/PzAssistant_Source/WindowsEdition/0.98/AccTest1-build-desktop/debug/plugins
Has loaded sql driver:
QSQLITE
Prefix path: D:/PzAssistant_Source/WindowsEdition/0.98/AccTest1-build-desktop/release
Plugins path: D:/PzAssistant_Source/WindowsEdition/0.98/AccTest1-build-desktop/release/plugins
Has loaded sql driver:
QSQLITE
Prefix path: D:/PzAssistant_Source/WindowsEdition/0.98/AccTest1-build-desktop/release
Plugins path: D:/PzAssistant_Source/WindowsEdition/0.98/AccTest1-build-desktop/release/plugins
Has loaded sql driver:
QSQLITE
Prefix path: D:/PzAssistant_Source/WindowsEdition/0.98/AccTest1-build-desktop/release
Plugins path: D:/PzAssistant_Source/WindowsEdition/0.98/AccTest1-build-desktop/release/plugins
Has loaded sql driver:
QSQLITE
Prefix path: D:/PzAssistant_Source/WindowsEdition/0.98/AccTest1-build-desktop/release
Plugins path: D:/PzAssistant_Source/WindowsEdition/0.98/AccTest1-build-desktop/release/plugins
Has loaded sql driver:
QSQLITE
Prefix path: D:/PzAssistant_Source/WindowsEdition/0.98/AccTest1-build-desktop/debug
Plugins path: D:/PzAssistant_Source/WindowsEdition/0.98/AccTest1-build-desktop/debug/plugins
Has loaded sql driver:
QSQLITE
Prefix path: D:/PzAssistant_Source/WindowsEdition/0.98/AccTest1-build-desktop/debug
Plugins path: D:/PzAssistant_Source/WindowsEdition/0.98/AccTest1-build-desktop/debug/plugins
Has loaded sql driver:
QSQLITE
Prefix path: D:/PzAssistant_Source/WindowsEdition/0.98/AccTest1-build-desktop/release
Plugins path: D:/PzAssistant_Source/WindowsEdition/0.98/AccTest1-build-desktop/release/plugins
Has loaded sql driver:
QSQLITE
Prefix path: D:/PzAssistant_Source/WindowsEdition/0.98/AccTest1-build-desktop/release
Plugins path: D:/PzAssistant_Source/WindowsEdition/0.98/AccTest1-build-desktop/release/plugins
Has loaded sql driver:
QSQLITE
Prefix path: D:/PzAssistant_Source/WindowsEdition/0.98/AccTest1-build-desktop
Plugins path: D:/PzAssistant_Source/WindowsEdition/0.98/AccTest1-build-desktop/plugins
Has loaded sql driver:
QSQLITE
Prefix path: D:/PzAssistant_Source/WindowsEdition/0.98/AccTest1-build-desktop
Plugins path: D:/PzAssistant_Source/WindowsEdition/0.98/AccTest1-build-desktop/plugins
Has loaded sql driver:
QSQLITE
Prefix path: D:/PzAssistant_Source/WindowsEdition/0.98/AccTest1-build-desktop/release
Plugins path: D:/PzAssistant_Source/WindowsEdition/0.98/AccTest1-build-desktop/release/plugins
Has loaded sql driver:
QSQLITE
Prefix path: D:/PzAssistant_Source/WindowsEdition/0.98/AccTest1-build-desktop/release
Plugins path: D:/PzAssistant_Source/WindowsEdition/0.98/AccTest1-build-desktop/release/plugins
Has loaded sql driver:
QSQLITE
Prefix path: D:/PzAssistant_Source/WindowsEdition/0.98/AccTest1-build-desktop/release
Plugins path: D:/PzAssistant_Source/WindowsEdition/0.98/AccTest1-build-desktop/release/plugins
Has loaded sql driver:
QSQLITE
Prefix path: D:/PzAssistant_Source/WindowsEdition/0.98/AccTest1-build-desktop/release
Plugins path: D:/PzAssistant_Source/WindowsEdition/0.98/AccTest1-build-desktop/release/plugins
Has loaded sql driver:
QSQLITE
Prefix path: D:/PzAssistant_Source/WindowsEdition/0.98/AccTest1-build-desktop/release
Plugins path: D:/PzAssistant_Source/WindowsEdition/0.98/AccTest1-build-desktop/release/plugins
Has loaded sql driver:
QSQLITE
Prefix path: D:/PzAssistant_Source/WindowsEdition/0.98/AccTest1-build-desktop/release
Plugins path: D:/PzAssistant_Source/WindowsEdition/0.98/AccTest1-build-desktop/release/plugins
Has loaded sql driver:
QSQLITE
Prefix path: D:/PzAssistant_Source/WindowsEdition/0.98/AccTest1-build-desktop/release
Plugins path: D:/PzAssistant_Source/WindowsEdition/0.98/AccTest1-build-desktop/release/plugins
Has loaded sql driver:
QSQLITE
Prefix path: D:/PzAssistant_Source/WindowsEdition/0.98/AccTest1-build-desktop
Plugins path: D:/PzAssistant_Source/WindowsEdition/0.98/AccTest1-build-desktop/plugins
Has loaded sql driver:
QSQLITE
Prefix path: D:/PzAssistant_Source/WindowsEdition/0.98/AccTest1-build-desktop/release
Plugins path: D:/PzAssistant_Source/WindowsEdition/0.98/AccTest1-build-desktop/release/plugins
Has loaded sql driver:
QSQLITE
Prefix path: D:/PzAssistant_Source/WindowsEdition/0.98/AccTest1-build-desktop/release
Plugins path: D:/PzAssistant_Source/WindowsEdition/0.98/AccTest1-build-desktop/release/plugins
Has loaded sql driver:
QSQLITE
Prefix path: D:/PzAssistant_Source/WindowsEdition/0.98/AccTest1-build-desktop/release
Plugins path: D:/PzAssistant_Source/WindowsEdition/0.98/AccTest1-build-desktop/release/plugins
Has loaded sql driver:
QSQLITE
Prefix path: D:/PzAssistant_Source/WindowsEdition/0.98/AccTest1-build-desktop
Plugins path: D:/PzAssistant_Source/WindowsEdition/0.98/AccTest1-build-desktop/plugins
Has loaded sql driver:
QSQLITE
Prefix path: D:/PzAssistant_Source/WindowsEdition/0.98/AccTest1-build-desktop/release
Plugins path: D:/PzAssistant_Source/WindowsEdition/0.98/AccTest1-build-desktop/release/plugins
Has loaded sql driver:
QSQLITE
Prefix path: D:/PzAssistant_Source/WindowsEdition/0.98/AccTest1-build-desktop/release
Plugins path: D:/PzAssistant_Source/WindowsEdition/0.98/AccTest1-build-desktop/release/plugins
Has loaded sql driver:
QSQLITE
Prefix path: D:/PzAssistant_Source/WindowsEdition/0.98/AccTest1-build-desktop/release
Plugins path: D:/PzAssistant_Source/WindowsEdition/0.98/AccTest1-build-desktop/release/plugins
Has loaded sql driver:
QSQLITE
Prefix path: D:/PzAssistant_Source/WindowsEdition/0.98/AccTest1-build-desktop/release
Plugins path: D:/PzAssistant_Source/WindowsEdition/0.98/AccTest1-build-desktop/release/plugins
Has loaded sql driver:
QSQLITE
Prefix path: D:/PzAssistant_Source/WindowsEdition/0.98/AccTest1-build-desktop/release
Plugins path: D:/PzAssistant_Source/WindowsEdition/0.98/AccTest1-build-desktop/release/plugins
Has loaded sql driver:
QSQLITE
Prefix path: D:/PzAssistant_Source/WindowsEdition/0.98/AccTest1-build-desktop/release
Plugins path: D:/PzAssistant_Source/WindowsEdition/0.98/AccTest1-build-desktop/release/plugins
Has loaded sql driver:
QSQLITE
Prefix path: D:/PzAssistant_Source/WindowsEdition/0.98/AccTest1-build-desktop/release
Plugins path: D:/PzAssistant_Source/WindowsEdition/0.98/AccTest1-build-desktop/release/plugins
Has loaded sql driver:
QSQLITE
Prefix path: D:/PzAssistant_Source/WindowsEdition/0.98/AccTest1-build-desktop/release
Plugins path: D:/PzAssistant_Source/WindowsEdition/0.98/AccTest1-build-desktop/release/plugins
Has loaded sql driver:
QSQLITE
Prefix path: D:/PzAssistant_Source/WindowsEdition/0.98/AccTest1-build-desktop/release
Plugins path: D:/PzAssistant_Source/WindowsEdition/0.98/AccTest1-build-desktop/release/plugins
Has loaded sql driver:
QSQLITE
Prefix path: D:/PzAssistant_Source/WindowsEdition/0.98/AccTest1-build-desktop/release
Plugins path: D:/PzAssistant_Source/WindowsEdition/0.98/AccTest1-build-desktop/release/plugins
Has loaded sql driver:
QSQLITE
Prefix path: D:/PzAssistant_Source/WindowsEdition/0.98/AccTest1-build-desktop/release
Plugins path: D:/PzAssistant_Source/WindowsEdition/0.98/AccTest1-build-desktop/release/plugins
Has loaded sql driver:
QSQLITE
Prefix path: D:/PzAssistant_Source/WindowsEdition/0.98/AccTest1-build-desktop/debug
Plugins path: D:/PzAssistant_Source/WindowsEdition/0.98/AccTest1-build-desktop/debug/plugins
Has loaded sql driver:
QSQLITE
Prefix path: D:/PzAssistant_Source/WindowsEdition/0.98/AccTest1-build-desktop/debug
Plugins path: D:/PzAssistant_Source/WindowsEdition/0.98/AccTest1-build-desktop/debug/plugins
Has loaded sql driver:
QSQLITE
Prefix path: D:/PzAssistant_Source/WindowsEdition/0.98/AccTest1-build-desktop/debug
Plugins path: D:/PzAssistant_Source/WindowsEdition/0.98/AccTest1-build-desktop/debug/plugins
Has loaded sql driver:
QSQLITE
Prefix path: D:/PzAssistant_Source/WindowsEdition/0.98/AccTest1-build-desktop/debug
Plugins path: D:/PzAssistant_Source/WindowsEdition/0.98/AccTest1-build-desktop/debug/plugins
Has loaded sql driver:
QSQLITE
Prefix path: D:/PzAssistant_Source/WindowsEdition/0.98/AccTest1-build-desktop/debug
Plugins path: D:/PzAssistant_Source/WindowsEdition/0.98/AccTest1-build-desktop/debug/plugins
Has loaded sql driver:
QSQLITE
Prefix path: D:/PzAssistant_Source/WindowsEdition/0.98/AccTest1-build-desktop/debug
Plugins path: D:/PzAssistant_Source/WindowsEdition/0.98/AccTest1-build-desktop/debug/plugins
Has loaded sql driver:
QSQLITE
Prefix path: D:/PzAssistant_Source/WindowsEdition/0.98/AccTest1-build-desktop/debug
Plugins path: D:/PzAssistant_Source/WindowsEdition/0.98/AccTest1-build-desktop/debug/plugins
Has loaded sql driver:
QSQLITE
Prefix path: D:/PzAssistant_Source/WindowsEdition/0.98/AccTest1-build-desktop/debug
Plugins path: D:/PzAssistant_Source/WindowsEdition/0.98/AccTest1-build-desktop/debug/plugins
Has loaded sql driver:
QSQLITE
Prefix path: D:/PzAssistant_Source/WindowsEdition/0.98/AccTest1-build-desktop/debug
Plugins path: D:/PzAssistant_Source/WindowsEdition/0.98/AccTest1-build-desktop/debug/plugins
Has loaded sql driver:
QSQLITE
Prefix path: D:/PzAssistant_Source/WindowsEdition/0.98/AccTest1-build-desktop/debug
Plugins path: D:/PzAssistant_Source/WindowsEdition/0.98/AccTest1-build-desktop/debug/plugins
Has loaded sql driver:
QSQLITE
Prefix path: D:/PzAssistant_Source/WindowsEdition/0.98/AccTest1-build-desktop/debug
Plugins path: D:/PzAssistant_Source/WindowsEdition/0.98/AccTest1-build-desktop/debug/plugins
Has loaded sql driver:
QSQLITE
Prefix path: D:/PzAssistant_Source/WindowsEdition/0.98/AccTest1-build-desktop/release
Plugins path: D:/PzAssistant_Source/WindowsEdition/0.98/AccTest1-build-desktop/release/plugins
Has loaded sql driver:
QSQLITE
Prefix path: D:/PzAssistant_Source/WindowsEdition/0.98/AccTest1-build-desktop/release
Plugins path: D:/PzAssistant_Source/WindowsEdition/0.98/AccTest1-build-desktop/release/plugins
Has loaded sql driver:
QSQLITE
Prefix path: D:/PzAssistant_Source/WindowsEdition/0.98/AccTest1-build-desktop/release
Plugins path: D:/PzAssistant_Source/WindowsEdition/0.98/AccTest1-build-desktop/release/plugins
Has loaded sql driver:
QSQLITE
Prefix path: D:/PzAssistant_Source/WindowsEdition/0.98/AccTest1-build-desktop/debug
Plugins path: D:/PzAssistant_Source/WindowsEdition/0.98/AccTest1-build-desktop/debug/plugins
Has loaded sql driver:
QSQLITE
Prefix path: D:/PzAssistant_Source/WindowsEdition/0.98/AccTest1-build-desktop/debug
Plugins path: D:/PzAssistant_Source/WindowsEdition/0.98/AccTest1-build-desktop/debug/plugins
Has loaded sql driver:
QSQLITE
Prefix path: D:/PzAssistant_Source/WindowsEdition/0.98/AccTest1-build-desktop/debug
Plugins path: D:/PzAssistant_Source/WindowsEdition/0.98/AccTest1-build-desktop/debug/plugins
Has loaded sql driver:
QSQLITE
Prefix path: D:/PzAssistant_Source/WindowsEdition/0.98/AccTest1-build-desktop/debug
Plugins path: D:/PzAssistant_Source/WindowsEdition/0.98/AccTest1-build-desktop/debug/plugins
Has loaded sql driver:
QSQLITE
Prefix path: D:/PzAssistant_Source/WindowsEdition/0.98/AccTest1-build-desktop/debug
Plugins path: D:/PzAssistant_Source/WindowsEdition/0.98/AccTest1-build-desktop/debug/plugins
Has loaded sql driver:
QSQLITE
Prefix path: D:/PzAssistant_Source/WindowsEdition/0.98/AccTest1-build-desktop/debug
Plugins path: D:/PzAssistant_Source/WindowsEdition/0.98/AccTest1-build-desktop/debug/plugins
Has loaded sql driver:
QSQLITE
Prefix path: D:/PzAssistant_Source/WindowsEdition/0.98/AccTest1-build-desktop/debug
Plugins path: D:/PzAssistant_Source/WindowsEdition/0.98/AccTest1-build-desktop/debug/plugins
Has loaded sql driver:
QSQLITE
Prefix path: D:/PzAssistant_Source/WindowsEdition/0.98/AccTest1-build-desktop/release
Plugins path: D:/PzAssistant_Source/WindowsEdition/0.98/AccTest1-build-desktop/release/plugins
Has loaded sql driver:
QSQLITE
Prefix path: D:/PzAssistant_Source/WindowsEdition/0.98/AccTest1-build-desktop/release
Plugins path: D:/PzAssistant_Source/WindowsEdition/0.98/AccTest1-build-desktop/release/plugins
Has loaded sql driver:
QSQLITE
Prefix path: D:/PzAssistant_Source/WindowsEdition/0.98/AccTest1-build-desktop/release
Plugins path: D:/PzAssistant_Source/WindowsEdition/0.98/AccTest1-build-desktop/release/plugins
Has loaded sql driver:
QSQLITE
Prefix path: /usr/local/Trolltech/Qt-4.8.1
Plugins path: /usr/local/Trolltech/Qt-4.8.1/plugins
Has loaded sql driver:
QSQLITE
Prefix path: /usr/local/Trolltech/Qt-4.8.1
Plugins path: /usr/local/Trolltech/Qt-4.8.1/plugins
Has loaded sql driver:
QSQLITE
Prefix path: /usr/local/Trolltech/Qt-4.8.1
Plugins path: /usr/local/Trolltech/Qt-4.8.1/plugins
Has loaded sql driver:
QSQLITE
Prefix path: /usr/local/Trolltech/Qt-4.8.1
Plugins path: /usr/local/Trolltech/Qt-4.8.1/plugins
Has loaded sql driver:
QSQLITE
Prefix path: /usr/local/Trolltech/Qt-4.8.1
Plugins path: /usr/local/Trolltech/Qt-4.8.1/plugins
Has loaded sql driver:
QSQLITE
Prefix path: /usr/local/Trolltech/Qt-4.8.1
Plugins path: /usr/local/Trolltech/Qt-4.8.1/plugins
Has loaded sql driver:
QSQLITE
Prefix path: /usr/local/Trolltech/Qt-4.8.1
Plugins path: /usr/local/Trolltech/Qt-4.8.1/plugins
Has loaded sql driver:
QSQLITE
Prefix path: /usr/local/Trolltech/Qt-4.8.1
Plugins path: /usr/local/Trolltech/Qt-4.8.1/plugins
Has loaded sql driver:
QSQLITE
Prefix path: /usr/local/Trolltech/Qt-4.8.1
Plugins path: /usr/local/Trolltech/Qt-4.8.1/plugins
Has loaded sql driver:
QSQLITE
Prefix path: /usr/local/Trolltech/Qt-4.8.1
Plugins path: /usr/local/Trolltech/Qt-4.8.1/plugins
Has loaded sql driver:
QSQLITE
Prefix path: /usr/local/Trolltech/Qt-4.8.1
Plugins path: /usr/local/Trolltech/Qt-4.8.1/plugins
Has loaded sql driver:
QSQLITE
Prefix path: /usr/local/Trolltech/Qt-4.8.1
Plugins path: /usr/local/Trolltech/Qt-4.8.1/plugins
Has loaded sql driver:
QSQLITE
Prefix path: /usr/local/Trolltech/Qt-4.8.1
Plugins path: /usr/local/Trolltech/Qt-4.8.1/plugins
Has loaded sql driver:
QSQLITE
Prefix path: /usr/local/Trolltech/Qt-4.8.1
Plugins path: /usr/local/Trolltech/Qt-4.8.1/plugins
Has loaded sql driver:
QSQLITE
Prefix path: /usr/local/Trolltech/Qt-4.8.1
Plugins path: /usr/local/Trolltech/Qt-4.8.1/plugins
Has loaded sql driver:
QSQLITE
Prefix path: /usr/local/Trolltech/Qt-4.8.1
Plugins path: /usr/local/Trolltech/Qt-4.8.1/plugins
Has loaded sql driver:
QSQLITE
Prefix path: /usr/local/Trolltech/Qt-4.8.1
Plugins path: /usr/local/Trolltech/Qt-4.8.1/plugins
Has loaded sql driver:
QSQLITE
Prefix path: /usr/local/Trolltech/Qt-4.8.1
Plugins path: /usr/local/Trolltech/Qt-4.8.1/plugins
Has loaded sql driver:
QSQLITE
Prefix path: /usr/local/Trolltech/Qt-4.8.1
Plugins path: /usr/local/Trolltech/Qt-4.8.1/plugins
Has loaded sql driver:
QSQLITE
Prefix path: /usr/local/Trolltech/Qt-4.8.1
Plugins path: /usr/local/Trolltech/Qt-4.8.1/plugins
Has loaded sql driver:
QSQLITE
Prefix path: /usr/local/Trolltech/Qt-4.8.1
Plugins path: /usr/local/Trolltech/Qt-4.8.1/plugins
Has loaded sql driver:
QSQLITE
Prefix path: /usr/local/Trolltech/Qt-4.8.1
Plugins path: /usr/local/Trolltech/Qt-4.8.1/plugins
Has loaded sql driver:
QSQLITE
Prefix path: /usr/local/Trolltech/Qt-4.8.1
Plugins path: /usr/local/Trolltech/Qt-4.8.1/plugins
Has loaded sql driver:
QSQLITE
Prefix path: /usr/local/Trolltech/Qt-4.8.1
Plugins path: /usr/local/Trolltech/Qt-4.8.1/plugins
Has loaded sql driver:
QSQLITE
Prefix path: /usr/local/Trolltech/Qt-4.8.1
Plugins path: /usr/local/Trolltech/Qt-4.8.1/plugins
Has loaded sql driver:
QSQLITE
Prefix path: /usr/local/Trolltech/Qt-4.8.1
Plugins path: /usr/local/Trolltech/Qt-4.8.1/plugins
Has loaded sql driver:
QSQLITE
Prefix path: /usr/local/Trolltech/Qt-4.8.1
Plugins path: /usr/local/Trolltech/Qt-4.8.1/plugins
Has loaded sql driver:
QSQLITE
Prefix path: /usr/local/Trolltech/Qt-4.8.1
Plugins path: /usr/local/Trolltech/Qt-4.8.1/plugins
Has loaded sql driver:
QSQLITE
Prefix path: /usr/local/Trolltech/Qt-4.8.1
Plugins path: /usr/local/Trolltech/Qt-4.8.1/plugins
Has loaded sql driver:
QSQLITE
Prefix path: /usr/local/Trolltech/Qt-4.8.1
Plugins path: /usr/local/Trolltech/Qt-4.8.1/plugins
Has loaded sql driver:
QSQLITE
Prefix path: /usr/local/Trolltech/Qt-4.8.1
Plugins path: /usr/local/Trolltech/Qt-4.8.1/plugins
Has loaded sql driver:
QSQLITE
Prefix path: /usr/local/Trolltech/Qt-4.8.1
Plugins path: /usr/local/Trolltech/Qt-4.8.1/plugins
Has loaded sql driver:
QSQLITE
Prefix path: /usr/local/Trolltech/Qt-4.8.1
Plugins path: /usr/local/Trolltech/Qt-4.8.1/plugins
Has loaded sql driver:
QSQLITE
Prefix path: /usr/local/Trolltech/Qt-4.8.1
Plugins path: /usr/local/Trolltech/Qt-4.8.1/plugins
Has loaded sql driver:
QSQLITE
Prefix path: /usr/local/Trolltech/Qt-4.8.1
Plugins path: /usr/local/Trolltech/Qt-4.8.1/plugins
Has loaded sql driver:
QSQLITE
Prefix path: /usr/local/Trolltech/Qt-4.8.1
Plugins path: /usr/local/Trolltech/Qt-4.8.1/plugins
Has loaded sql driver:
QSQLITE
Prefix path: /usr/local/Trolltech/Qt-4.8.1
Plugins path: /usr/local/Trolltech/Qt-4.8.1/plugins
Has loaded sql driver:
QSQLITE
Prefix path: /usr/local/Trolltech/Qt-4.8.1
Plugins path: /usr/local/Trolltech/Qt-4.8.1/plugins
Has loaded sql driver:
QSQLITE
Prefix path: /usr/local/Trolltech/Qt-4.8.1
Plugins path: /usr/local/Trolltech/Qt-4.8.1/plugins
Has loaded sql driver:
QSQLITE
Prefix path: /usr/local/Trolltech/Qt-4.8.1
Plugins path: /usr/local/Trolltech/Qt-4.8.1/plugins
Has loaded sql driver:
QSQLITE
Prefix path: /usr/local/Trolltech/Qt-4.8.1
Plugins path: /usr/local/Trolltech/Qt-4.8.1/plugins
Has loaded sql driver:
QSQLITE
Prefix path: /usr/local/Trolltech/Qt-4.8.1
Plugins path: /usr/local/Trolltech/Qt-4.8.1/plugins
Has loaded sql driver:
QSQLITE
Prefix path: /usr/local/Trolltech/Qt-4.8.1
Plugins path: /usr/local/Trolltech/Qt-4.8.1/plugins
Has loaded sql driver:
QSQLITE
Prefix path: /usr/local/Trolltech/Qt-4.8.1
Plugins path: /usr/local/Trolltech/Qt-4.8.1/plugins
Has loaded sql driver:
QSQLITE
Prefix path: /usr/local/Trolltech/Qt-4.8.1
Plugins path: /usr/local/Trolltech/Qt-4.8.1/plugins
Has loaded sql driver:
QSQLITE
Prefix path: /usr/local/Trolltech/Qt-4.8.1
Plugins path: /usr/local/Trolltech/Qt-4.8.1/plugins
Has loaded sql driver:
QSQLITE
Prefix path: /usr/local/Trolltech/Qt-4.8.1
Plugins path: /usr/local/Trolltech/Qt-4.8.1/plugins
Has loaded sql driver:
QSQLITE
Prefix path: /usr/local/Trolltech/Qt-4.8.1
Plugins path: /usr/local/Trolltech/Qt-4.8.1/plugins
Has loaded sql driver:
QSQLITE
Prefix path: /usr/local/Trolltech/Qt-4.8.1
Plugins path: /usr/local/Trolltech/Qt-4.8.1/plugins
Has loaded sql driver:
QSQLITE
Prefix path: /usr/local/Trolltech/Qt-4.8.1
Plugins path: /usr/local/Trolltech/Qt-4.8.1/plugins
Has loaded sql driver:
QSQLITE
Prefix path: /usr/local/Trolltech/Qt-4.8.1
Plugins path: /usr/local/Trolltech/Qt-4.8.1/plugins
Has loaded sql driver:
QSQLITE
Prefix path: /usr/local/Trolltech/Qt-4.8.1
Plugins path: /usr/local/Trolltech/Qt-4.8.1/plugins
Has loaded sql driver:
QSQLITE
Prefix path: /usr/local/Trolltech/Qt-4.8.1
Plugins path: /usr/local/Trolltech/Qt-4.8.1/plugins
Has loaded sql driver:
QSQLITE
Prefix path: /usr/local/Trolltech/Qt-4.8.1
Plugins path: /usr/local/Trolltech/Qt-4.8.1/plugins
Has loaded sql driver:
QSQLITE
Prefix path: /usr/local/Trolltech/Qt-4.8.1
Plugins path: /usr/local/Trolltech/Qt-4.8.1/plugins
Has loaded sql driver:
QSQLITE
Prefix path: /usr/local/Trolltech/Qt-4.8.1
Plugins path: /usr/local/Trolltech/Qt-4.8.1/plugins
Has loaded sql driver:
QSQLITE
Prefix path: /usr/local/Trolltech/Qt-4.8.1
Plugins path: /usr/local/Trolltech/Qt-4.8.1/plugins
Has loaded sql driver:
QSQLITE
Prefix path: /usr/local/Trolltech/Qt-4.8.1
Plugins path: /usr/local/Trolltech/Qt-4.8.1/plugins
Has loaded sql driver:
QSQLITE
Prefix path: /usr/local/Trolltech/Qt-4.8.1
Plugins path: /usr/local/Trolltech/Qt-4.8.1/plugins
Has loaded sql driver:
QSQLITE
Prefix path: /usr/local/Trolltech/Qt-4.8.1
Plugins path: /usr/local/Trolltech/Qt-4.8.1/plugins
Has loaded sql driver:
QSQLITE
Prefix path: /usr/local/Trolltech/Qt-4.8.1
Plugins path: /usr/local/Trolltech/Qt-4.8.1/plugins
